#
# A fatal error has been detected by the Java Runtime Environment:
#
#  EXCEPTION_ACCESS_VIOLATION (0xc0000005) at pc=0x00000000632882b5, pid=11944, tid=10096
#
# JRE version: Java(TM) SE Runtime Environment (8.0_45-b14) (build 1.8.0_45-b14)
# Java VM: Java HotSpot(TM) 64-Bit Server VM (25.45-b02 mixed mode windows-amd64 compressed oops)
# Problematic frame:
# V  [jvm.dll+0x1282b5]
#
# Failed to write core dump. Minidumps are not enabled by default on client versions of Windows
#
# If you would like to submit a bug report, please visit:
#   http://bugreport.java.com/bugreport/crash.jsp
#

---------------  T H R E A D  ---------------

Current thread (0x0000000007397000):  JavaThread "JDWP Transport Listener: dt_socket" daemon [_thread_in_vm, id=10096, stack(0x0000000007790000,0x0000000007890000)]

siginfo: ExceptionCode=0xc0000005, reading address 0xffffffffffffffff

Registers:
RAX=0x000000000788f201, RBX=0x0000000007397000, RCX=0x194c06000000003b, RDX=0x0000000000000000
RSP=0x000000000788f200, RBP=0x194c06000000003b, RSI=0x000000000788f318, RDI=0x00000000027b9d50
R8 =0x0000000007397000, R9 =0x0000000000000000, R10=0x0000000000000000, R11=0x0000000000000064
R12=0x0000000000000000, R13=0x0000000007394848, R14=0x0000000000000000, R15=0x0000000000000000
RIP=0x00000000632882b5, EFLAGS=0x0000000000010202

Top of Stack: (sp=0x000000000788f200)
0x000000000788f200:   0000000007397000 0000000007397000
0x000000000788f210:   000000000788f2c8 000000006348c7db
0x000000000788f220:   0000000007397000 00000000634a903d
0x000000000788f230:   0000000000000053 00000000630d9155
0x000000000788f240:   00000000074d69c0 00000000630e291e
0x000000000788f250:   0000000007397000 0000000000000000
0x000000000788f260:   0000000000000000 0000000000000000
0x000000000788f270:   194c06000000003b 00000000630e1a15
0x000000000788f280:   000000000788f318 000000000788f2f0
0x000000000788f290:   0000000000000001 00000000074d69c0
0x000000000788f2a0:   194c06000000003b 00000000630c53b3
0x000000000788f2b0:   000000000788f3e0 0000000000000001
0x000000000788f2c0:   0000000000000001 00000000074d69c0
0x000000000788f2d0:   000000000000000a 0000000000000000
0x000000000788f2e0:   0000000000000000 0000000000000000
0x000000000788f2f0:   0000000000000001 00000000630c5571 

Instructions: (pc=0x00000000632882b5)
0x0000000063288295:   cc cc cc cc cc cc cc cc cc cc cc 48 83 ec 28 48
0x00000000632882a5:   85 c9 75 07 33 c0 48 83 c4 28 c3 48 89 5c 24 20
0x00000000632882b5:   48 8b 19 48 85 db 74 20 48 83 fb 37 74 1a 48 8b
0x00000000632882c5:   13 48 8b cb ff 52 10 84 c0 74 0d 48 8b c3 48 8b 


Register to memory mapping:

RAX=0x000000000788f201 is pointing into the stack for thread: 0x0000000007397000
RBX=0x0000000007397000 is a thread
RCX=0x194c06000000003b is an unknown value
RDX=0x0000000000000000 is an unknown value
RSP=0x000000000788f200 is pointing into the stack for thread: 0x0000000007397000
RBP=0x194c06000000003b is an unknown value
RSI=0x000000000788f318 is pointing into the stack for thread: 0x0000000007397000
RDI=0x00000000027b9d50 is an unknown value
R8 =0x0000000007397000 is a thread
R9 =0x0000000000000000 is an unknown value
R10=0x0000000000000000 is an unknown value
R11=0x0000000000000064 is an unknown value
R12=0x0000000000000000 is an unknown value
R13=0x0000000007394848 is an unknown value
R14=0x0000000000000000 is an unknown value
R15=0x0000000000000000 is an unknown value


Stack: [0x0000000007790000,0x0000000007890000],  sp=0x000000000788f200,  free space=1020k
Native frames: (J=compiled Java code, j=interpreted, Vv=VM code, C=native code)
V  [jvm.dll+0x1282b5]
V  [jvm.dll+0x34903d]
C  [jdwp.dll+0x21a15]
C  [jdwp.dll+0x53b3]
C  [jdwp.dll+0x5571]
C  [jdwp.dll+0xf0a8]
C  [jdwp.dll+0x1f2d5]
C  [jdwp.dll+0x1f4aa]
V  [jvm.dll+0x1bae98]
V  [jvm.dll+0x241984]
V  [jvm.dll+0x29853a]
C  [msvcr100.dll+0x21d9f]
C  [msvcr100.dll+0x21e3b]
C  [KERNEL32.DLL+0x18102]
C  [ntdll.dll+0x5c5b4]


---------------  P R O C E S S  ---------------

Java Threads: ( => current thread )
  0x000000000743a800 JavaThread "Service Thread" daemon [_thread_blocked, id=2552, stack(0x0000000007d90000,0x0000000007e90000)]
  0x00000000073bb800 JavaThread "C1 CompilerThread2" daemon [_thread_blocked, id=14116, stack(0x0000000007c90000,0x0000000007d90000)]
  0x00000000073ba800 JavaThread "C2 CompilerThread1" daemon [_thread_blocked, id=9288, stack(0x0000000007b90000,0x0000000007c90000)]
  0x00000000073b0800 JavaThread "C2 CompilerThread0" daemon [_thread_blocked, id=16272, stack(0x0000000007a90000,0x0000000007b90000)]
  0x00000000073a4800 JavaThread "JDWP Command Reader" daemon [_thread_in_native, id=17892, stack(0x0000000007990000,0x0000000007a90000)]
  0x00000000073a1000 JavaThread "JDWP Event Helper Thread" daemon [_thread_blocked, id=1856, stack(0x0000000007890000,0x0000000007990000)]
=>0x0000000007397000 JavaThread "JDWP Transport Listener: dt_socket" daemon [_thread_in_vm, id=10096, stack(0x0000000007790000,0x0000000007890000)]
  0x0000000005e7a000 JavaThread "Attach Listener" daemon [_thread_blocked, id=17288, stack(0x0000000007290000,0x0000000007390000)]
  0x0000000005e2f000 JavaThread "Signal Dispatcher" daemon [_thread_blocked, id=15052, stack(0x0000000007190000,0x0000000007290000)]
  0x00000000028b6000 JavaThread "Finalizer" daemon [_thread_blocked, id=12184, stack(0x0000000007090000,0x0000000007190000)]
  0x00000000028ad000 JavaThread "Reference Handler" daemon [_thread_blocked, id=10220, stack(0x0000000006f90000,0x0000000007090000)]
  0x00000000027be000 JavaThread "main" [_thread_blocked, id=15384, stack(0x0000000002660000,0x0000000002760000)]

Other Threads:
  0x0000000005de6000 VMThread [stack: 0x0000000006e90000,0x0000000006f90000] [id=1892]
  0x000000000743e000 WatcherThread [stack: 0x0000000007e90000,0x0000000007f90000] [id=17452]

VM state:not at safepoint (normal execution)

VM Mutex/Monitor currently owned by a thread: None

Heap:
 PSYoungGen      total 18432K, used 2238K [0x00000000eb780000, 0x00000000ecc00000, 0x0000000100000000)
  eden space 15872K, 14% used [0x00000000eb780000,0x00000000eb9afb00,0x00000000ec700000)
  from space 2560K, 0% used [0x00000000ec980000,0x00000000ec980000,0x00000000ecc00000)
  to   space 2560K, 0% used [0x00000000ec700000,0x00000000ec700000,0x00000000ec980000)
 ParOldGen       total 42496K, used 0K [0x00000000c2600000, 0x00000000c4f80000, 0x00000000eb780000)
  object space 42496K, 0% used [0x00000000c2600000,0x00000000c2600000,0x00000000c4f80000)
 Metaspace       used 2973K, capacity 4564K, committed 4864K, reserved 1056768K
  class space    used 314K, capacity 388K, committed 512K, reserved 1048576K

Card table byte_map: [0x0000000002c80000,0x0000000002e70000] byte_map_base: 0x000000000266d000

Marking Bits: (ParMarkBitMap*) 0x0000000063964040
 Begin Bits: [0x00000000033c0000, 0x0000000004328000)
 End Bits:   [0x0000000004328000, 0x0000000005290000)

Polling page: 0x0000000000650000

CodeCache: size=245760Kb used=1182Kb max_used=1182Kb free=244578Kb
 bounds [0x000000000f010000, 0x000000000f280000, 0x000000001e010000]
 total_blobs=293 nmethods=55 adapters=159
 compilation: enabled

Compilation events (10 events):
Event: 0.314 Thread 0x00000000073bb800   51       1       java.util.ArrayList::size (5 bytes)
Event: 0.314 Thread 0x00000000073bb800 nmethod 51 0x000000000f136e50 code [0x000000000f136fa0, 0x000000000f1370b0]
Event: 0.314 Thread 0x00000000073bb800   52       3       java.lang.String::startsWith (7 bytes)
Event: 0.314 Thread 0x00000000073bb800 nmethod 52 0x000000000f137110 code [0x000000000f137280, 0x000000000f1374a8]
Event: 0.315 Thread 0x00000000073bb800   53       1       java.net.URL::getFile (5 bytes)
Event: 0.315 Thread 0x00000000073bb800 nmethod 53 0x000000000f137550 code [0x000000000f1376a0, 0x000000000f1377b0]
Event: 0.315 Thread 0x00000000073bb800   54       3       java.lang.System::getSecurityManager (4 bytes)
Event: 0.315 Thread 0x00000000073bb800 nmethod 54 0x000000000f137810 code [0x000000000f137960, 0x000000000f137a90]
Event: 0.316 Thread 0x00000000073bb800   55       1       java.lang.Object::<init> (1 bytes)
Event: 0.316 Thread 0x00000000073bb800 nmethod 55 0x000000000f137b10 code [0x000000000f137c60, 0x000000000f137d70]

GC Heap History (0 events):
No events

Deoptimization events (0 events):
No events

Internal exceptions (2 events):
Event: 0.066 Thread 0x00000000027be000 Exception <a 'java/lang/NoSuchMethodError': Method sun.misc.Unsafe.defineClass(Ljava/lang/String;[BII)Ljava/lang/Class; name or signature does not match> (0x00000000eb792e38) thrown at [C:\re\workspace\8-2-build-windows-amd64-cygwin\jdk8u45\3457\hotspot\srÓÇ9HÚ°?
Event: 0.066 Thread 0x00000000027be000 Exception <a 'java/lang/NoSuchMethodError': Method sun.misc.Unsafe.prefetchRead(Ljava/lang/Object;J)V name or signature does not match> (0x00000000eb7930c8) thrown at [C:\re\workspace\8-2-build-windows-amd64-cygwin\jdk8u45\3457\hotspot\src\share\vm\prims\j

Events (10 events):
Event: 8.129 Executing VM operation: ForceSafepoint
Event: 8.129 Executing VM operation: ForceSafepoint done
Event: 120.140 Executing VM operation: ChangeBreakpoints
Event: 120.140 Executing VM operation: ChangeBreakpoints done
Event: 344.772 Executing VM operation: ChangeBreakpoints
Event: 344.772 Executing VM operation: ChangeBreakpoints done
Event: 359.025 Executing VM operation: ChangeBreakpoints
Event: 359.025 Executing VM operation: ChangeBreakpoints done
Event: 359.068 Executing VM operation: RedefineClasses
Event: 359.082 Executing VM operation: RedefineClasses done


Dynamic libraries:
0x00007ff619990000 - 0x00007ff6199c7000 	C:\Java\jdk1.8.0_45\bin\java.exe
0x00007ff80af20000 - 0x00007ff80b0e1000 	C:\WINDOWS\SYSTEM32\ntdll.dll
0x00007ff8086f0000 - 0x00007ff80879d000 	C:\WINDOWS\system32\KERNEL32.DLL
0x00007ff8075d0000 - 0x00007ff8077b8000 	C:\WINDOWS\system32\KERNELBASE.dll
0x00007ff8084e0000 - 0x00007ff808587000 	C:\WINDOWS\system32\ADVAPI32.dll
0x00007ff808ce0000 - 0x00007ff808d7d000 	C:\WINDOWS\system32\msvcrt.dll
0x00007ff808800000 - 0x00007ff80885b000 	C:\WINDOWS\system32\sechost.dll
0x00007ff80a490000 - 0x00007ff80a5ac000 	C:\WINDOWS\system32\RPCRT4.dll
0x00007ff8089f0000 - 0x00007ff808b46000 	C:\WINDOWS\system32\USER32.dll
0x00007ff808b50000 - 0x00007ff808cd6000 	C:\WINDOWS\system32\GDI32.dll
0x00007ff8037e0000 - 0x00007ff803a54000 	C:\WINDOWS\WinSxS\amd64_microsoft.windows.common-controls_6595b64144ccf1df_6.0.10586.672_none_a2d6b3cea53ff843\COMCTL32.dll
0x00007ff80aca0000 - 0x00007ff80af1d000 	C:\WINDOWS\system32\combase.dll
0x00007ff8077c0000 - 0x00007ff80782a000 	C:\WINDOWS\system32\bcryptPrimitives.dll
0x00007ff808da0000 - 0x00007ff808ddb000 	C:\WINDOWS\system32\IMM32.DLL
0x00007ff807430000 - 0x00007ff807461000 	C:\Windows\system32\nvinitx.dll
0x00007ff807420000 - 0x00007ff80742a000 	C:\WINDOWS\SYSTEM32\VERSION.dll
0x000000000f000000 - 0x000000000f006000 	C:\Program Files\NVIDIA Corporation\CoProcManager\_etoured.dll
0x00007ff8057a0000 - 0x00007ff8057d2000 	C:\Program Files\NVIDIA Corporation\CoProcManager\nvd3d9wrapx.dll
0x00007ff80a870000 - 0x00007ff80ac99000 	C:\WINDOWS\system32\SETUPAPI.dll
0x00007ff8079a0000 - 0x00007ff8079e3000 	C:\WINDOWS\system32\CFGMGR32.dll
0x00007ff805680000 - 0x00007ff8056a2000 	C:\Program Files\NVIDIA Corporation\CoProcManager\nvdxgiwrapx.dll
0x00000000639f0000 - 0x0000000063ac2000 	C:\Java\jdk1.8.0_45\jre\bin\msvcr100.dll
0x0000000063160000 - 0x00000000639e3000 	C:\Java\jdk1.8.0_45\jre\bin\server\jvm.dll
0x00007ff808320000 - 0x00007ff808328000 	C:\WINDOWS\system32\PSAPI.DLL
0x00007ff805780000 - 0x00007ff805789000 	C:\WINDOWS\SYSTEM32\WSOCK32.dll
0x00007ff8054b0000 - 0x00007ff8054d3000 	C:\WINDOWS\SYSTEM32\WINMM.dll
0x00007ff808860000 - 0x00007ff8088cb000 	C:\WINDOWS\system32\WS2_32.dll
0x00007ff805450000 - 0x00007ff80547c000 	C:\WINDOWS\SYSTEM32\WINMMBASE.dll
0x0000000063150000 - 0x000000006315f000 	C:\Java\jdk1.8.0_45\jre\bin\verify.dll
0x0000000063120000 - 0x0000000063149000 	C:\Java\jdk1.8.0_45\jre\bin\java.dll
0x00000000630c0000 - 0x00000000630f5000 	C:\Java\jdk1.8.0_45\jre\bin\jdwp.dll
0x00000000630b0000 - 0x00000000630b8000 	C:\Java\jdk1.8.0_45\jre\bin\npt.dll
0x0000000063100000 - 0x0000000063116000 	C:\Java\jdk1.8.0_45\jre\bin\zip.dll
0x00007ff808de0000 - 0x00007ff80a33c000 	C:\WINDOWS\system32\SHELL32.dll
0x00007ff807a50000 - 0x00007ff808095000 	C:\WINDOWS\system32\windows.storage.dll
0x00007ff8087a0000 - 0x00007ff8087f2000 	C:\WINDOWS\system32\shlwapi.dll
0x00007ff807550000 - 0x00007ff80755f000 	C:\WINDOWS\system32\kernel.appcore.dll
0x00007ff807830000 - 0x00007ff8078e5000 	C:\WINDOWS\system32\shcore.dll
0x0000000000b60000 - 0x0000000000bab000 	C:\WINDOWS\system32\powrprof.dll
0x00007ff807560000 - 0x00007ff807574000 	C:\WINDOWS\system32\profapi.dll
0x00000000630a0000 - 0x00000000630a9000 	C:\Java\jdk1.8.0_45\jre\bin\dt_socket.dll
0x00007ff806dc0000 - 0x00007ff806e1c000 	C:\WINDOWS\system32\mswsock.dll
0x00007ff803c90000 - 0x00007ff803e1c000 	C:\WINDOWS\SYSTEM32\dbghelp.dll

VM Arguments:
jvm_args: -agentlib:jdwp=transport=dt_socket,address=127.0.0.1:8269,suspend=y,server=n -Dfile.encoding=UTF-8 
java_command: algorithm.Huffman
java_class_path (initial): C:\Java\jdk1.8.0_45\jre\lib\charsets.jar;C:\Java\jdk1.8.0_45\jre\lib\deploy.jar;C:\Java\jdk1.8.0_45\jre\lib\ext\access-bridge-64.jar;C:\Java\jdk1.8.0_45\jre\lib\ext\cldrdata.jar;C:\Java\jdk1.8.0_45\jre\lib\ext\dnsns.jar;C:\Java\jdk1.8.0_45\jre\lib\ext\jaccess.jar;C:\Java\jdk1.8.0_45\jre\lib\ext\jfxrt.jar;C:\Java\jdk1.8.0_45\jre\lib\ext\localedata.jar;C:\Java\jdk1.8.0_45\jre\lib\ext\nashorn.jar;C:\Java\jdk1.8.0_45\jre\lib\ext\sunec.jar;C:\Java\jdk1.8.0_45\jre\lib\ext\sunjce_provider.jar;C:\Java\jdk1.8.0_45\jre\lib\ext\sunmscapi.jar;C:\Java\jdk1.8.0_45\jre\lib\ext\sunpkcs11.jar;C:\Java\jdk1.8.0_45\jre\lib\ext\zipfs.jar;C:\Java\jdk1.8.0_45\jre\lib\javaws.jar;C:\Java\jdk1.8.0_45\jre\lib\jce.jar;C:\Java\jdk1.8.0_45\jre\lib\jfr.jar;C:\Java\jdk1.8.0_45\jre\lib\jfxswt.jar;C:\Java\jdk1.8.0_45\jre\lib\jsse.jar;C:\Java\jdk1.8.0_45\jre\lib\management-agent.jar;C:\Java\jdk1.8.0_45\jre\lib\plugin.jar;C:\Java\jdk1.8.0_45\jre\lib\resources.jar;C:\Java\jdk1.8.0_45\jre\lib\rt.jar;E:\CODE\Java\Demo\target\classes;C:\Users\XXH\.m2\repository\junit\junit\4.12\junit-4.12.jar;C:\Users\XXH\.m2\repository\org\hamcrest\hamcrest-core\1.3\hamcrest-core-1.3.jar;D:\Programe Files\IntelliJ IDEA Community Edition 2016.3.2\lib\idea_rt.jar
Launcher Type: SUN_STANDARD

Environment Variables:
JAVA_HOME=C:\Java\jdk1.8.0_45
CLASSPATH=.;JAVA_HOME%\lib\dt.jar;C:\Java\jdk1.8.0_45\lib\tools.jar;D:\apache-tomcat-8.0.29\lib\servlet-api.jar
PATH=D:\Python27\Lib\site-packages\PyQt4;D:\Python27\;D:\Python27\Scripts;C:\Java\jdk1.8.0_45\bin;C:\WINDOWS\system32;C:\WINDOWS;C:\WINDOWS\System32\Wbem;C:\WINDOWS\System32\WindowsPowerShell\v1.0\;C:\Program Files (x86)\Windows Kits\8.1\Windows Performance Toolkit\;C:\Program Files\Microsoft SQL Server\110\Tools\Binn\;C:\Program Files (x86)\Microsoft SDKs\TypeScript\1.0\;C:\Program Files\Microsoft SQL Server\120\Tools\Binn\;C:\Program Files (x86)\MySQL\MySQL Fabric 1.5.2 & MySQL Utilities 1.5.2 1.5\;C:\Program Files (x86)\MySQL\MySQL Fabric 1.5.2 & MySQL Utilities 1.5.2 1.5\Doctrine extensions for PHP\;D:\PHP;C:\Program Files\TortoiseSVN\bin;D:\Program Files\;D:\sqlite;C:\ProgramData\ComposerSetup\bin;D:\sass\node_modules\.bin;D:\apache-tomcat-8.0.29\lib\servlet-api.jar;D:\matlab\runtime\win64;D:\matlab\bin;D:\matlab\polyspace\bin;C:\MinGW\bin;C:\Users\XXH\AppData\Roaming\npm;C:\ProgramData\ComposerSetup\bin;D:\mongodb\bin;D:\apache-tomcat-8.0.29\lib\servlet-api.jar
USERNAME=XXH
OS=Windows_NT
PROCESSOR_IDENTIFIER=Intel64 Family 6 Model 58 Stepping 9, GenuineIntel



---------------  S Y S T E M  ---------------

OS: Windows 10.0 , 64 bit Build 10586 (10.0.10586.589)

CPU:total 4 (2 cores per cpu, 2 threads per core) family 6 model 58 stepping 9, cmov, cx8, fxsr, mmx, sse, sse2, sse3, ssse3, sse4.1, sse4.2, popcnt, avx, clmul, erms, ht, tsc, tscinvbit, tscinv

Memory: 4k page, physical 4038048k(1163764k free), swap 7190612k(2697044k free)

vm_info: Java HotSpot(TM) 64-Bit Server VM (25.45-b02) for windows-amd64 JRE (1.8.0_45-b14), built on Apr 10 2015 10:34:15 by "java_re" with MS VC++ 10.0 (VS2010)

time: Sat Jan 07 11:32:33 2017
elapsed time: 359 seconds (0d 0h 5m 59s)

